<?xml version="1.0" encoding="UTF-8"?>
<coverage generated="1717783681785" clover="3.2.0">
  <project timestamp="1717783681785" name="All files">
    <metrics statements="40" coveredstatements="14" conditionals="7" coveredconditionals="0" methods="10" coveredmethods="1" elements="57" coveredelements="15" complexity="0" loc="40" ncloc="40" packages="3" files="6" classes="6"/>
    <package name="api.controllers.adm">
      <metrics statements="14" coveredstatements="4" conditionals="6" coveredconditionals="0" methods="4" coveredmethods="0"/>
      <file name="create-adm.js" path="C:\Dev\Projetos\Inteli\Projetos\Modulo2\2024-1B-T14-IN02-G02\api\controllers\adm\create-adm.js">
        <metrics statements="2" coveredstatements="1" conditionals="0" coveredconditionals="0" methods="1" coveredmethods="0"/>
        <line num="1" count="1" type="stmt"/>
        <line num="24" count="0" type="stmt"/>
      </file>
      <file name="delete-adm.js" path="C:\Dev\Projetos\Inteli\Projetos\Modulo2\2024-1B-T14-IN02-G02\api\controllers\adm\delete-adm.js">
        <metrics statements="4" coveredstatements="1" conditionals="2" coveredconditionals="0" methods="1" coveredmethods="0"/>
        <line num="1" count="1" type="stmt"/>
        <line num="20" count="0" type="stmt"/>
        <line num="21" count="0" type="cond" truecount="0" falsecount="2"/>
        <line num="22" count="0" type="stmt"/>
      </file>
      <file name="list-adm.js" path="C:\Dev\Projetos\Inteli\Projetos\Modulo2\2024-1B-T14-IN02-G02\api\controllers\adm\list-adm.js">
        <metrics statements="6" coveredstatements="1" conditionals="4" coveredconditionals="0" methods="1" coveredmethods="0"/>
        <line num="1" count="1" type="stmt"/>
        <line num="19" count="0" type="cond" truecount="0" falsecount="2"/>
        <line num="20" count="0" type="stmt"/>
        <line num="21" count="0" type="cond" truecount="0" falsecount="2"/>
        <line num="22" count="0" type="stmt"/>
        <line num="25" count="0" type="stmt"/>
      </file>
      <file name="update-adm.js" path="C:\Dev\Projetos\Inteli\Projetos\Modulo2\2024-1B-T14-IN02-G02\api\controllers\adm\update-adm.js">
        <metrics statements="2" coveredstatements="1" conditionals="0" coveredconditionals="0" methods="1" coveredmethods="0"/>
        <line num="1" count="1" type="stmt"/>
        <line num="24" count="0" type="stmt"/>
      </file>
    </package>
    <package name="api.controllers.dashboard">
      <metrics statements="15" coveredstatements="1" conditionals="0" coveredconditionals="0" methods="3" coveredmethods="0"/>
      <file name="export-data.js" path="C:\Dev\Projetos\Inteli\Projetos\Modulo2\2024-1B-T14-IN02-G02\api\controllers\dashboard\export-data.js">
        <metrics statements="15" coveredstatements="1" conditionals="0" coveredconditionals="0" methods="3" coveredmethods="0"/>
        <line num="1" count="1" type="stmt"/>
        <line num="19" count="0" type="stmt"/>
        <line num="21" count="0" type="stmt"/>
        <line num="22" count="0" type="stmt"/>
        <line num="23" count="0" type="stmt"/>
        <line num="24" count="0" type="stmt"/>
        <line num="25" count="0" type="stmt"/>
        <line num="28" count="0" type="stmt"/>
        <line num="29" count="0" type="stmt"/>
        <line num="30" count="0" type="stmt"/>
        <line num="33" count="0" type="stmt"/>
        <line num="34" count="0" type="stmt"/>
        <line num="36" count="0" type="stmt"/>
        <line num="37" count="0" type="stmt"/>
        <line num="39" count="0" type="stmt"/>
      </file>
    </package>
    <package name="test.util">
      <metrics statements="11" coveredstatements="9" conditionals="1" coveredconditionals="0" methods="3" coveredmethods="1"/>
      <file name="index.js" path="C:\Dev\Projetos\Inteli\Projetos\Modulo2\2024-1B-T14-IN02-G02\test\util\index.js">
        <metrics statements="11" coveredstatements="9" conditionals="1" coveredconditionals="0" methods="3" coveredmethods="1"/>
        <line num="1" count="5" type="stmt"/>
        <line num="2" count="5" type="cond" truecount="0" falsecount="1"/>
        <line num="3" count="5" type="stmt"/>
        <line num="5" count="5" type="stmt"/>
        <line num="7" count="0" type="stmt"/>
        <line num="10" count="0" type="stmt"/>
        <line num="14" count="5" type="stmt"/>
        <line num="22" count="5" type="stmt"/>
        <line num="31" count="5" type="stmt"/>
        <line num="47" count="5" type="stmt"/>
        <line num="54" count="5" type="stmt"/>
      </file>
    </package>
  </project>
</coverage>
