{"C:\\Dev\\Projetos\\Inteli\\Projetos\\Modulo2\\2024-1B-T14-IN02-G02\\api\\controllers\\adm\\create-adm.js": {"path":"C:\\Dev\\Projetos\\Inteli\\Projetos\\Modulo2\\2024-1B-T14-IN02-G02\\api\\controllers\\adm\\create-adm.js","statementMap":{"0":{"start":{"line":1,"column":0},"end":{"line":31,"column":2}},"1":{"start":{"line":24,"column":4},"end":{"line":28,"column":6}}},"fnMap":{"0":{"name":"(anonymous_0)","decl":{"start":{"line":23,"column":6},"end":{"line":23,"column":7}},"loc":{"start":{"line":23,"column":56},"end":{"line":30,"column":3}},"line":23}},"branchMap":{},"s":{"0":1,"1":0},"f":{"0":0},"b":{},"_coverageSchema":"1a1c01bbd47fc00a2c39e90264f33305004495a9","hash":"ab0a62710a228cfa1b65b72dd457210b9fb8943e"}
,"C:\\Dev\\Projetos\\Inteli\\Projetos\\Modulo2\\2024-1B-T14-IN02-G02\\api\\controllers\\adm\\delete-adm.js": {"path":"C:\\Dev\\Projetos\\Inteli\\Projetos\\Modulo2\\2024-1B-T14-IN02-G02\\api\\controllers\\adm\\delete-adm.js","statementMap":{"0":{"start":{"line":1,"column":0},"end":{"line":25,"column":1}},"1":{"start":{"line":20,"column":28},"end":{"line":20,"column":59}},"2":{"start":{"line":21,"column":8},"end":{"line":21,"column":54}},"3":{"start":{"line":21,"column":26},"end":{"line":21,"column":54}},"4":{"start":{"line":22,"column":8},"end":{"line":22,"column":26}}},"fnMap":{"0":{"name":"(anonymous_0)","decl":{"start":{"line":19,"column":8},"end":{"line":19,"column":9}},"loc":{"start":{"line":19,"column":31},"end":{"line":24,"column":5}},"line":19}},"branchMap":{"0":{"loc":{"start":{"line":21,"column":8},"end":{"line":21,"column":54}},"type":"if","locations":[{"start":{"line":21,"column":8},"end":{"line":21,"column":54}},{"start":{},"end":{}}],"line":21}},"s":{"0":1,"1":0,"2":0,"3":0,"4":0},"f":{"0":0},"b":{"0":[0,0]},"_coverageSchema":"1a1c01bbd47fc00a2c39e90264f33305004495a9","hash":"418b2c6468da8737b76c5920c8f5eef371248524"}
,"C:\\Dev\\Projetos\\Inteli\\Projetos\\Modulo2\\2024-1B-T14-IN02-G02\\api\\controllers\\adm\\list-adm.js": {"path":"C:\\Dev\\Projetos\\Inteli\\Projetos\\Modulo2\\2024-1B-T14-IN02-G02\\api\\controllers\\adm\\list-adm.js","statementMap":{"0":{"start":{"line":1,"column":0},"end":{"line":28,"column":2}},"1":{"start":{"line":19,"column":4},"end":{"line":23,"column":5}},"2":{"start":{"line":20,"column":19},"end":{"line":20,"column":45}},"3":{"start":{"line":21,"column":6},"end":{"line":21,"column":44}},"4":{"start":{"line":21,"column":16},"end":{"line":21,"column":44}},"5":{"start":{"line":22,"column":6},"end":{"line":22,"column":17}},"6":{"start":{"line":25,"column":4},"end":{"line":25,"column":28}}},"fnMap":{"0":{"name":"(anonymous_0)","decl":{"start":{"line":18,"column":6},"end":{"line":18,"column":7}},"loc":{"start":{"line":18,"column":30},"end":{"line":27,"column":3}},"line":18}},"branchMap":{"0":{"loc":{"start":{"line":19,"column":4},"end":{"line":23,"column":5}},"type":"if","locations":[{"start":{"line":19,"column":4},"end":{"line":23,"column":5}},{"start":{},"end":{}}],"line":19},"1":{"loc":{"start":{"line":21,"column":6},"end":{"line":21,"column":44}},"type":"if","locations":[{"start":{"line":21,"column":6},"end":{"line":21,"column":44}},{"start":{},"end":{}}],"line":21}},"s":{"0":1,"1":0,"2":0,"3":0,"4":0,"5":0,"6":0},"f":{"0":0},"b":{"0":[0,0],"1":[0,0]},"_coverageSchema":"1a1c01bbd47fc00a2c39e90264f33305004495a9","hash":"7185859af13e5effa0566e202a940cf7559c400d"}
,"C:\\Dev\\Projetos\\Inteli\\Projetos\\Modulo2\\2024-1B-T14-IN02-G02\\api\\controllers\\adm\\update-adm.js": {"path":"C:\\Dev\\Projetos\\Inteli\\Projetos\\Modulo2\\2024-1B-T14-IN02-G02\\api\\controllers\\adm\\update-adm.js","statementMap":{"0":{"start":{"line":1,"column":0},"end":{"line":30,"column":2}},"1":{"start":{"line":24,"column":4},"end":{"line":27,"column":6}}},"fnMap":{"0":{"name":"(anonymous_0)","decl":{"start":{"line":23,"column":6},"end":{"line":23,"column":7}},"loc":{"start":{"line":23,"column":47},"end":{"line":29,"column":3}},"line":23}},"branchMap":{},"s":{"0":1,"1":0},"f":{"0":0},"b":{},"_coverageSchema":"1a1c01bbd47fc00a2c39e90264f33305004495a9","hash":"e3722bc7a0667806317eabed5e9320ed6b0cbda7"}
,"C:\\Dev\\Projetos\\Inteli\\Projetos\\Modulo2\\2024-1B-T14-IN02-G02\\api\\controllers\\dashboard\\export-data.js": {"path":"C:\\Dev\\Projetos\\Inteli\\Projetos\\Modulo2\\2024-1B-T14-IN02-G02\\api\\controllers\\dashboard\\export-data.js","statementMap":{"0":{"start":{"line":1,"column":0},"end":{"line":44,"column":2}},"1":{"start":{"line":19,"column":29},"end":{"line":19,"column":38}},"2":{"start":{"line":21,"column":22},"end":{"line":21,"column":55}},"3":{"start":{"line":22,"column":24},"end":{"line":22,"column":26}},"4":{"start":{"line":23,"column":4},"end":{"line":23,"column":32}},"5":{"start":{"line":24,"column":4},"end":{"line":26,"column":7}},"6":{"start":{"line":25,"column":6},"end":{"line":25,"column":43}},"7":{"start":{"line":28,"column":21},"end":{"line":28,"column":23}},"8":{"start":{"line":29,"column":4},"end":{"line":31,"column":7}},"9":{"start":{"line":30,"column":6},"end":{"line":30,"column":41}},"10":{"start":{"line":33,"column":20},"end":{"line":33,"column":79}},"11":{"start":{"line":34,"column":22},"end":{"line":34,"column":50}},"12":{"start":{"line":36,"column":21},"end":{"line":36,"column":111}},"13":{"start":{"line":37,"column":23},"end":{"line":37,"column":52}},"14":{"start":{"line":39,"column":4},"end":{"line":42,"column":6}}},"fnMap":{"0":{"name":"(anonymous_0)","decl":{"start":{"line":18,"column":6},"end":{"line":18,"column":7}},"loc":{"start":{"line":18,"column":35},"end":{"line":43,"column":3}},"line":18},"1":{"name":"(anonymous_1)","decl":{"start":{"line":24,"column":30},"end":{"line":24,"column":31}},"loc":{"start":{"line":24,"column":37},"end":{"line":26,"column":5}},"line":24},"2":{"name":"(anonymous_2)","decl":{"start":{"line":29,"column":24},"end":{"line":29,"column":25}},"loc":{"start":{"line":29,"column":31},"end":{"line":31,"column":5}},"line":29}},"branchMap":{},"s":{"0":1,"1":0,"2":0,"3":0,"4":0,"5":0,"6":0,"7":0,"8":0,"9":0,"10":0,"11":0,"12":0,"13":0,"14":0},"f":{"0":0,"1":0,"2":0},"b":{},"_coverageSchema":"1a1c01bbd47fc00a2c39e90264f33305004495a9","hash":"6694817e6ad6bce0fb3babd377f6b213e5639ade"}
,"C:\\Dev\\Projetos\\Inteli\\Projetos\\Modulo2\\2024-1B-T14-IN02-G02\\test\\util\\index.js": {"path":"C:\\Dev\\Projetos\\Inteli\\Projetos\\Modulo2\\2024-1B-T14-IN02-G02\\test\\util\\index.js","statementMap":{"0":{"start":{"line":1,"column":18},"end":{"line":1,"column":34}},"1":{"start":{"line":2,"column":22},"end":{"line":4,"column":5}},"2":{"start":{"line":3,"column":4},"end":{"line":3,"column":54}},"3":{"start":{"line":5,"column":21},"end":{"line":12,"column":5}},"4":{"start":{"line":7,"column":8},"end":{"line":7,"column":20}},"5":{"start":{"line":10,"column":8},"end":{"line":10,"column":20}},"6":{"start":{"line":14,"column":23},"end":{"line":20,"column":5}},"7":{"start":{"line":22,"column":28},"end":{"line":29,"column":5}},"8":{"start":{"line":31,"column":21},"end":{"line":45,"column":5}},"9":{"start":{"line":47,"column":17},"end":{"line":51,"column":5}},"10":{"start":{"line":54,"column":4},"end":{"line":61,"column":6}}},"fnMap":{"0":{"name":"(anonymous_0)","decl":{"start":{"line":2,"column":22},"end":{"line":2,"column":23}},"loc":{"start":{"line":2,"column":56},"end":{"line":4,"column":5}},"line":2},"1":{"name":"(anonymous_1)","decl":{"start":{"line":6,"column":10},"end":{"line":6,"column":11}},"loc":{"start":{"line":6,"column":26},"end":{"line":8,"column":5}},"line":6},"2":{"name":"(anonymous_2)","decl":{"start":{"line":9,"column":12},"end":{"line":9,"column":13}},"loc":{"start":{"line":9,"column":28},"end":{"line":11,"column":5}},"line":9}},"branchMap":{"0":{"loc":{"start":{"line":2,"column":38},"end":{"line":2,"column":51}},"type":"default-arg","locations":[{"start":{"line":2,"column":47},"end":{"line":2,"column":51}}],"line":2}},"s":{"0":5,"1":5,"2":5,"3":5,"4":0,"5":0,"6":5,"7":5,"8":5,"9":5,"10":5},"f":{"0":5,"1":0,"2":0},"b":{"0":[0]},"_coverageSchema":"1a1c01bbd47fc00a2c39e90264f33305004495a9","hash":"aa8c6f8006cce2cf199fddb3018bfe720c3ab580"}
}
